-------------------------------------------------------------------------------
Test set: de.openknowledge.ReadClientTest
-------------------------------------------------------------------------------
Tests run: 1, Failures: 1, Errors: 0, Skipped: 0, Time elapsed: 19.482 s <<< FAILURE! - in de.openknowledge.ReadClientTest
readClient  Time elapsed: 0.42 s  <<< FAILURE!
org.opentest4j.AssertionFailedError: expected: <[{"name":{"first":{"value":"Max"},"last":{"value":"Mustermann"}},"nameAsString":"Max Mustermann"}]> but was: <[{"first":{"value":"Max"},"last":{"value":"Mustermann"},"nameAsString":"Max Mustermann","firstName":"Max","lastName":"Mustermann"}]>
	at de.openknowledge.ReadClientTest.readClient(ReadClientTest.java:121)

